Arguments: 
  C:\Program Files\nodejs\node.exe C:\Users\Maxwell Kenned\AppData\Roaming\npm\node_modules\yarn\bin\yarn.js add -D dotenv

PATH: 
  C:\Program Files (x86)\PowerShell\7;C:\ProgramData\Oracle\Java\javapath;C:\Windows\system32;C:\Windows;C:\Windows\System32\Wbem;C:\Windows\System32\WindowsPowerShell\v1.0\;C:\Windows\System32\OpenSSH\;C:\ProgramData\chocolatey\bin;C:\Program Files\Git\cmd;C:\Program Files\nodejs\;C:\Android\Sdk\cmdline-tools;C:\Program Files\OpenJDK\openjdk-11.0.12_7\bin;C:\Users\Maxwell Kenned\AppData\Local\Yarn\bin;C:\Android\Sdk\emulator;C:\Android\Sdk\tools;C:\Android\Sdk\tools\bin;C:\Android\Sdk\platform-tools;C:\WINDOWS\system32;C:\WINDOWS;C:\WINDOWS\System32\Wbem;C:\WINDOWS\System32\WindowsPowerShell\v1.0\;C:\WINDOWS\System32\OpenSSH\;C:\Program Files\dotnet\;C:\Program Files (x86)\PowerShell\7\;C:\Users\Maxwell Kenned\AppData\Local\Microsoft\WindowsApps;C:\Users\Maxwell Kenned\AppData\Local\Programs\Microsoft VS Code\bin;C:\Users\Maxwell Kenned\AppData\Roaming\npm;C:\Program Files\OpenSSL-Win64\bin;C:\Users\Maxwell Kenned\AppData\Local\GitHubDesktop\bin

Yarn version: 
  1.22.17

Node version: 
  16.11.1

Platform: 
  win32 x64

Trace: 
  Error: EPERM: operation not permitted, unlink 'C:\projetos\return\server\node_modules\@swc\core-win32-x64-msvc\swc.win32-x64-msvc.node'

npm manifest: 
  {
    "name": "server",
    "version": "1.0.0",
    "description": "",
    "main": "index.js",
    "scripts": {
      "test": "jest",
      "dev": "ts-node-dev src/server.ts"
    },
    "keywords": [],
    "author": "",
    "license": "ISC",
    "devDependencies": {
      "@swc/jest": "^0.2.21",
      "@types/cors": "^2.8.12",
      "@types/express": "^4.17.13",
      "@types/jest": "^27.5.1",
      "@types/node": "^17.0.33",
      "@types/nodemailer": "^6.4.4",
      "jest": "^28.1.0",
      "prisma": "^3.14.0",
      "ts-node": "^10.7.0",
      "ts-node-dev": "^1.1.8",
      "typescript": "^4.6.4"
    },
    "dependencies": {
      "@prisma/client": "^3.14.0",
      "cors": "^2.8.5",
      "express": "^4.18.1",
      "nodemailer": "^6.7.5"
    }
  }

yarn manifest: 
  No manifest

Lockfile: 
  No lockfile
